This is XeTeX, Version 3.1415926-2.5-0.9999.3 (TeX Live 2013/Debian) (format=xelatex 2014.4.14)  11 JUN 2014 16:55
entering extended mode
 restricted \write18 enabled.
 file:line:error style messages enabled.
 %&-line parsing enabled.
**HW1.tex
(./HW1.tex
LaTeX2e <2011/06/27>
Babel <3.9f> and hyphenation patterns for 78 languages loaded.
(/usr/share/texlive/texmf-dist/tex/latex/base/article.cls
Document Class: article 2007/10/19 v1.4h Standard LaTeX document class
(/usr/share/texlive/texmf-dist/tex/latex/base/size12.clo
File: size12.clo 2007/10/19 v1.4h Standard LaTeX file (size option)
)
\c@part=\count80
\c@section=\count81
\c@subsection=\count82
\c@subsubsection=\count83
\c@paragraph=\count84
\c@subparagraph=\count85
\c@figure=\count86
\c@table=\count87
\abovecaptionskip=\skip41
\belowcaptionskip=\skip42
\bibindent=\dimen102
) (/usr/share/texlive/texmf-dist/tex/latex/geometry/geometry.sty
Package: geometry 2010/09/12 v5.6 Page Geometry
(/usr/share/texlive/texmf-dist/tex/latex/graphics/keyval.sty
Package: keyval 1999/03/16 v1.13 key=value parser (DPC)
\KV@toks@=\toks14
) (/usr/share/texlive/texmf-dist/tex/generic/oberdiek/ifpdf.sty
Package: ifpdf 2011/01/30 v2.3 Provides the ifpdf switch (HO)
Package ifpdf Info: pdfTeX in PDF mode is not detected.
) (/usr/share/texlive/texmf-dist/tex/generic/oberdiek/ifvtex.sty
Package: ifvtex 2010/03/01 v1.5 Detect VTeX and its facilities (HO)
Package ifvtex Info: VTeX not detected.
) (/usr/share/texlive/texmf-dist/tex/generic/ifxetex/ifxetex.sty
Package: ifxetex 2010/09/12 v0.6 Provides ifxetex conditional
)
\Gm@cnth=\count88
\Gm@cntv=\count89
\c@Gm@tempcnt=\count90
\Gm@bindingoffset=\dimen103
\Gm@wd@mp=\dimen104
\Gm@odd@mp=\dimen105
\Gm@even@mp=\dimen106
\Gm@layoutwidth=\dimen107
\Gm@layoutheight=\dimen108
\Gm@layouthoffset=\dimen109
\Gm@layoutvoffset=\dimen110
\Gm@dimlist=\toks15
) (/usr/share/texlive/texmf-dist/tex/latex/amsmath/amsmath.sty
Package: amsmath 2013/01/14 v2.14 AMS math features
\@mathmargin=\skip43
For additional information on amsmath, use the `?' option.
(/usr/share/texlive/texmf-dist/tex/latex/amsmath/amstext.sty
Package: amstext 2000/06/29 v2.01
(/usr/share/texlive/texmf-dist/tex/latex/amsmath/amsgen.sty
File: amsgen.sty 1999/11/30 v2.0
\@emptytoks=\toks16
\ex@=\dimen111
)) (/usr/share/texlive/texmf-dist/tex/latex/amsmath/amsbsy.sty
Package: amsbsy 1999/11/29 v1.2d
\pmbraise@=\dimen112
) (/usr/share/texlive/texmf-dist/tex/latex/amsmath/amsopn.sty
Package: amsopn 1999/12/14 v2.01 operator names
)
\inf@bad=\count91
LaTeX Info: Redefining \frac on input line 210.
\uproot@=\count92
\leftroot@=\count93
LaTeX Info: Redefining \overline on input line 306.
\classnum@=\count94
\DOTSCASE@=\count95
LaTeX Info: Redefining \ldots on input line 378.
LaTeX Info: Redefining \dots on input line 381.
LaTeX Info: Redefining \cdots on input line 466.
\Mathstrutbox@=\box26
\strutbox@=\box27
\big@size=\dimen113
LaTeX Font Info:    Redeclaring font encoding OML on input line 566.
LaTeX Font Info:    Redeclaring font encoding OMS on input line 567.
\macc@depth=\count96
\c@MaxMatrixCols=\count97
\dotsspace@=\muskip10
\c@parentequation=\count98
\dspbrk@lvl=\count99
\tag@help=\toks17
\row@=\count100
\column@=\count101
\maxfields@=\count102
\andhelp@=\toks18
\eqnshift@=\dimen114
\alignsep@=\dimen115
\tagshift@=\dimen116
\tagwidth@=\dimen117
\totwidth@=\dimen118
\lineht@=\dimen119
\@envbody=\toks19
\multlinegap=\skip44
\multlinetaggap=\skip45
\mathdisplay@stack=\toks20
LaTeX Info: Redefining \[ on input line 2665.
LaTeX Info: Redefining \] on input line 2666.
) (/usr/share/texlive/texmf-dist/tex/latex/amscls/amsthm.sty
Package: amsthm 2004/08/06 v2.20
\thm@style=\toks21
\thm@bodyfont=\toks22
\thm@headfont=\toks23
\thm@notefont=\toks24
\thm@headpunct=\toks25
\thm@preskip=\skip46
\thm@postskip=\skip47
\thm@headsep=\skip48
\dth@everypar=\toks26
) (/usr/share/texlive/texmf-dist/tex/latex/amsfonts/amssymb.sty
Package: amssymb 2013/01/14 v3.01 AMS font symbols
(/usr/share/texlive/texmf-dist/tex/latex/amsfonts/amsfonts.sty
Package: amsfonts 2013/01/14 v3.01 Basic AMSFonts support
\symAMSa=\mathgroup4
\symAMSb=\mathgroup5
LaTeX Font Info:    Overwriting math alphabet `\mathfrak' in version `bold'
(Font)                  U/euf/m/n --> U/euf/b/n on input line 106.
)) (/usr/share/texlive/texmf-dist/tex/latex/tools/enumerate.sty
Package: enumerate 1999/03/05 v3.00 enumerate extensions (DPC)
\@enLab=\toks27
) (./HW1.aux)
\openout1 = `HW1.aux'.

LaTeX Font Info:    Checking defaults for OML/cmm/m/it on input line 14.
LaTeX Font Info:    ... okay on input line 14.
LaTeX Font Info:    Checking defaults for T1/cmr/m/n on input line 14.
LaTeX Font Info:    ... okay on input line 14.
LaTeX Font Info:    Checking defaults for OT1/cmr/m/n on input line 14.
LaTeX Font Info:    ... okay on input line 14.
LaTeX Font Info:    Checking defaults for OMS/cmsy/m/n on input line 14.
LaTeX Font Info:    ... okay on input line 14.
LaTeX Font Info:    Checking defaults for OMX/cmex/m/n on input line 14.
LaTeX Font Info:    ... okay on input line 14.
LaTeX Font Info:    Checking defaults for U/cmr/m/n on input line 14.
LaTeX Font Info:    ... okay on input line 14.
*geometry* driver: auto-detecting
*geometry* detected driver: xetex
*geometry* verbose mode - [ preamble ] result:
* driver: xetex
* paper: <default>
* layout: <same size as paper>
* layoutoffset:(h,v)=(0.0pt,0.0pt)
* modes: 
* h-part:(L,W,R)=(72.26999pt, 469.75502pt, 72.26999pt)
* v-part:(T,H,B)=(72.26999pt, 650.43001pt, 72.26999pt)
* \paperwidth=614.295pt
* \paperheight=794.96999pt
* \textwidth=469.75502pt
* \textheight=650.43001pt
* \oddsidemargin=0.0pt
* \evensidemargin=0.0pt
* \topmargin=-37.0pt
* \headheight=12.0pt
* \headsep=25.0pt
* \topskip=12.0pt
* \footskip=30.0pt
* \marginparwidth=44.0pt
* \marginparsep=10.0pt
* \columnsep=10.0pt
* \skip\footins=10.8pt plus 4.0pt minus 2.0pt
* \hoffset=0.0pt
* \voffset=0.0pt
* \mag=1000
* \@twocolumnfalse
* \@twosidefalse
* \@mparswitchfalse
* \@reversemarginfalse
* (1in=72.27pt=25.4mm, 1cm=28.453pt)

LaTeX Font Info:    Try loading font information for U+msa on input line 25.
(/usr/share/texlive/texmf-dist/tex/latex/amsfonts/umsa.fd
File: umsa.fd 2013/01/14 v3.01 AMS symbols A
)
LaTeX Font Info:    Try loading font information for U+msb on input line 25.
(/usr/share/texlive/texmf-dist/tex/latex/amsfonts/umsb.fd
File: umsb.fd 2013/01/14 v3.01 AMS symbols B
)
Overfull \hbox (51.3089pt too wide) in paragraph at lines 50--50
 []\OT1/cmtt/m/n/12 Iteration: 0, a: -2.00000000, b: 1.00000000, p: -0.50000000  error = 100.00000000[] 
 []


Overfull \hbox (45.1339pt too wide) in paragraph at lines 50--50
 []\OT1/cmtt/m/n/12 Iteration: 1, a: -2.00000000, b: -0.50000000, p: -1.25000000  error = 1.50000000[] 
 []


Overfull \hbox (45.1339pt too wide) in paragraph at lines 50--50
 []\OT1/cmtt/m/n/12 Iteration: 2, a: -1.25000000, b: -0.50000000, p: -0.87500000  error = 0.30000000[] 
 []


Overfull \hbox (45.1339pt too wide) in paragraph at lines 50--50
 []\OT1/cmtt/m/n/12 Iteration: 3, a: -0.87500000, b: -0.50000000, p: -0.68750000  error = 0.21428571[] 
 []


Overfull \hbox (45.1339pt too wide) in paragraph at lines 50--50
 []\OT1/cmtt/m/n/12 Iteration: 4, a: -0.68750000, b: -0.50000000, p: -0.59375000  error = 0.13636364[] 
 []


Overfull \hbox (45.1339pt too wide) in paragraph at lines 50--50
 []\OT1/cmtt/m/n/12 Iteration: 5, a: -0.59375000, b: -0.50000000, p: -0.54687500  error = 0.07894737[] 
 []


Overfull \hbox (45.1339pt too wide) in paragraph at lines 50--50
 []\OT1/cmtt/m/n/12 Iteration: 6, a: -0.59375000, b: -0.54687500, p: -0.57031250  error = 0.04285714[] 
 []


Overfull \hbox (45.1339pt too wide) in paragraph at lines 50--50
 []\OT1/cmtt/m/n/12 Iteration: 7, a: -0.57031250, b: -0.54687500, p: -0.55859375  error = 0.02054795[] 
 []


Overfull \hbox (45.1339pt too wide) in paragraph at lines 50--50
 []\OT1/cmtt/m/n/12 Iteration: 8, a: -0.57031250, b: -0.55859375, p: -0.56445312  error = 0.01048951[] 
 []


Overfull \hbox (45.1339pt too wide) in paragraph at lines 50--50
 []\OT1/cmtt/m/n/12 Iteration: 9, a: -0.57031250, b: -0.56445312, p: -0.56738281  error = 0.00519031[] 
 []


Overfull \hbox (51.3089pt too wide) in paragraph at lines 50--50
 []\OT1/cmtt/m/n/12 Iteration: 10, a: -0.56738281, b: -0.56445312, p: -0.56591797  error = 0.00258176[] 
 []


Overfull \hbox (51.3089pt too wide) in paragraph at lines 50--50
 []\OT1/cmtt/m/n/12 Iteration: 11, a: -0.56738281, b: -0.56591797, p: -0.56665039  error = 0.00129422[] 
 []


Overfull \hbox (51.3089pt too wide) in paragraph at lines 50--50
 []\OT1/cmtt/m/n/12 Iteration: 12, a: -0.56738281, b: -0.56665039, p: -0.56701660  error = 0.00064627[] 
 []


Overfull \hbox (51.3089pt too wide) in paragraph at lines 50--50
 []\OT1/cmtt/m/n/12 Iteration: 13, a: -0.56738281, b: -0.56701660, p: -0.56719971  error = 0.00032293[] 
 []


Overfull \hbox (51.3089pt too wide) in paragraph at lines 50--50
 []\OT1/cmtt/m/n/12 Iteration: 14, a: -0.56719971, b: -0.56701660, p: -0.56710815  error = 0.00016141[] 
 []


Overfull \hbox (51.3089pt too wide) in paragraph at lines 50--50
 []\OT1/cmtt/m/n/12 Iteration: 15, a: -0.56719971, b: -0.56710815, p: -0.56715393  error = 0.00008072[] 
 []

[1

] [2] [3]
Overfull \hbox (38.9589pt too wide) in paragraph at lines 187--187
 []\OT1/cmtt/m/n/12 Iteration: 0, a: 4.30000000, b: 4.60000000, p: 4.45000000  error = 100.00000000[] 
 []


Overfull \hbox (26.60889pt too wide) in paragraph at lines 187--187
 []\OT1/cmtt/m/n/12 Iteration: 1, a: 4.45000000, b: 4.60000000, p: 4.52500000  error = 0.01685393[] 
 []


Overfull \hbox (26.60889pt too wide) in paragraph at lines 187--187
 []\OT1/cmtt/m/n/12 Iteration: 2, a: 4.45000000, b: 4.52500000, p: 4.48750000  error = 0.00828729[] 
 []


Overfull \hbox (26.60889pt too wide) in paragraph at lines 187--187
 []\OT1/cmtt/m/n/12 Iteration: 3, a: 4.48750000, b: 4.52500000, p: 4.50625000  error = 0.00417827[] 
 []


Overfull \hbox (26.60889pt too wide) in paragraph at lines 187--187
 []\OT1/cmtt/m/n/12 Iteration: 4, a: 4.48750000, b: 4.50625000, p: 4.49687500  error = 0.00208044[] 
 []


Overfull \hbox (26.60889pt too wide) in paragraph at lines 187--187
 []\OT1/cmtt/m/n/12 Iteration: 5, a: 4.48750000, b: 4.49687500, p: 4.49218750  error = 0.00104239[] 
 []


Overfull \hbox (26.60889pt too wide) in paragraph at lines 187--187
 []\OT1/cmtt/m/n/12 Iteration: 6, a: 4.49218750, b: 4.49687500, p: 4.49453125  error = 0.00052174[] 
 []


Overfull \hbox (26.60889pt too wide) in paragraph at lines 187--187
 []\OT1/cmtt/m/n/12 Iteration: 7, a: 4.49218750, b: 4.49453125, p: 4.49335937  error = 0.00026073[] 
 []


Overfull \hbox (26.60889pt too wide) in paragraph at lines 187--187
 []\OT1/cmtt/m/n/12 Iteration: 8, a: 4.49335937, b: 4.49453125, p: 4.49394531  error = 0.00013040[] 
 []


Overfull \hbox (26.60889pt too wide) in paragraph at lines 187--187
 []\OT1/cmtt/m/n/12 Iteration: 9, a: 4.49335937, b: 4.49394531, p: 4.49365234  error = 0.00006519[] 
 []

[4]
Overfull \hbox (38.9589pt too wide) in paragraph at lines 202--202
 []\OT1/cmtt/m/n/12 Iteration: 0, a: 2.50000000, b: 3.00000000, p: 2.75000000  error = 100.00000000[] 
 []


Overfull \hbox (26.60889pt too wide) in paragraph at lines 202--202
 []\OT1/cmtt/m/n/12 Iteration: 1, a: 2.75000000, b: 3.00000000, p: 2.87500000  error = 0.04545455[] 
 []


Overfull \hbox (26.60889pt too wide) in paragraph at lines 202--202
 []\OT1/cmtt/m/n/12 Iteration: 2, a: 2.87500000, b: 3.00000000, p: 2.93750000  error = 0.02173913[] 
 []


Overfull \hbox (26.60889pt too wide) in paragraph at lines 202--202
 []\OT1/cmtt/m/n/12 Iteration: 3, a: 2.87500000, b: 2.93750000, p: 2.90625000  error = 0.01063830[] 
 []


Overfull \hbox (26.60889pt too wide) in paragraph at lines 202--202
 []\OT1/cmtt/m/n/12 Iteration: 4, a: 2.90625000, b: 2.93750000, p: 2.92187500  error = 0.00537634[] 
 []


Overfull \hbox (26.60889pt too wide) in paragraph at lines 202--202
 []\OT1/cmtt/m/n/12 Iteration: 5, a: 2.92187500, b: 2.93750000, p: 2.92968750  error = 0.00267380[] 
 []


Overfull \hbox (26.60889pt too wide) in paragraph at lines 202--202
 []\OT1/cmtt/m/n/12 Iteration: 6, a: 2.92187500, b: 2.92968750, p: 2.92578125  error = 0.00133333[] 
 []


Overfull \hbox (26.60889pt too wide) in paragraph at lines 202--202
 []\OT1/cmtt/m/n/12 Iteration: 7, a: 2.92187500, b: 2.92578125, p: 2.92382812  error = 0.00066756[] 
 []


Overfull \hbox (26.60889pt too wide) in paragraph at lines 202--202
 []\OT1/cmtt/m/n/12 Iteration: 8, a: 2.92382812, b: 2.92578125, p: 2.92480469  error = 0.00033400[] 
 []


Overfull \hbox (26.60889pt too wide) in paragraph at lines 202--202
 []\OT1/cmtt/m/n/12 Iteration: 9, a: 2.92382812, b: 2.92480469, p: 2.92431641  error = 0.00016694[] 
 []


Overfull \hbox (32.78389pt too wide) in paragraph at lines 202--202
 []\OT1/cmtt/m/n/12 Iteration: 10, a: 2.92382812, b: 2.92431641, p: 2.92407227  error = 0.00008349[] 
 []

[5] (./HW1.aux) ) 
Here is how much of TeX's memory you used:
 1741 strings out of 493934
 21319 string characters out of 6150767
 84247 words of memory out of 5000000
 5063 multiletter control sequences out of 15000+600000
 11659 words of font info for 46 fonts, out of 8000000 for 9000
 1144 hyphenation exceptions out of 8191
 27i,6n,32p,323b,386s stack positions out of 5000i,500n,10000p,200000b,80000s

Output written on HW1.pdf (5 pages).
